<?xml version="1.0" encoding="UTF-8"?>
<!-- Generated by org.testng.reporters.JUnitXMLReporter -->
<testsuite ignored="0" hostname="CISPL-IO-391.local" failures="1" tests="5" name="Submit Order Test " time="37.761" errors="0" timestamp="2023-08-11T18:03:48 IST">
  <testcase classname="Test.BaseTestPanorama" name="LoginWithInvalidData" time="10.276"/>
  <testcase classname="Test.BaseTestPanorama" name="LoginWithvalid" time="9.485"/>
  <testcase classname="Test.BaseTestPanorama" name="RolesAndPermissionsSearchUserByName" time="7.759"/>
  <testcase classname="Test.BaseTestPanorama" name="RolesAndPermissionsSearchUserByEmail" time="6.255"/>
  <testcase classname="Test.BaseTestPanorama" name="Categories" time="3.22">
    <failure type="java.lang.IllegalArgumentException" message="Input must be set">
      <![CDATA[java.lang.IllegalArgumentException: Input must be set
at org.openqa.selenium.internal.Require.nonNull(Require.java:60)
at org.openqa.selenium.support.ui.FluentWait.<init>(FluentWait.java:94)
at org.openqa.selenium.support.ui.WebDriverWait.<init>(WebDriverWait.java:74)
at org.openqa.selenium.support.ui.WebDriverWait.<init>(WebDriverWait.java:43)
at Test.AbstractComponent.AbstractComponent.waitFunctionEnabledOrDisabled(AbstractComponent.java:65)
at Test.PageObjectModel.CategoriesPanorama.addCategory(CategoriesPanorama.java:34)
at Test.BaseTestPanorama.Categories(BaseTestPanorama.java:95)
at java.base/java.util.ArrayList.forEach(ArrayList.java:1511)
... Removed 25 stack frames]]>
    </failure>
  </testcase> <!-- Categories -->
</testsuite> <!-- Submit Order Test  -->
