<?xml version="1.0" encoding="UTF-8"?>
<testng-results ignored="0" total="2" passed="2" failed="0" skipped="0">
  <reporter-output>
  </reporter-output>
  <suite started-at="2023-09-26T19:57:11 IST" name="Suite" finished-at="2023-09-26T19:57:52 IST" duration-ms="41091">
    <groups>
    </groups>
    <test started-at="2023-09-26T19:57:11 IST" name="Test" finished-at="2023-09-26T19:57:52 IST" duration-ms="41091">
      <class name="Test.BaseTestPanorama">
        <test-method signature="andAndSearchCategories()[pri:4, instance:Test.BaseTestPanorama@abff8b7]" started-at="2023-09-26T19:57:11 IST" name="andAndSearchCategories" finished-at="2023-09-26T19:57:51 IST" duration-ms="40072" status="PASS">
          <reporter-output>
          </reporter-output>
        </test-method> <!-- andAndSearchCategories -->
        <test-method signature="categoryPagignation()[pri:6, instance:Test.BaseTestPanorama@abff8b7]" started-at="2023-09-26T19:57:51 IST" name="categoryPagignation" finished-at="2023-09-26T19:57:52 IST" duration-ms="941" status="PASS">
          <reporter-output>
          </reporter-output>
        </test-method> <!-- categoryPagignation -->
      </class> <!-- Test.BaseTestPanorama -->
    </test> <!-- Test -->
  </suite> <!-- Suite -->
</testng-results>
