<?xml version="1.0" encoding="UTF-8"?>
<testng-results ignored="0" total="2" passed="2" failed="0" skipped="0">
  <reporter-output>
  </reporter-output>
  <suite started-at="2023-09-09T00:16:57 IST" name="Suite" finished-at="2023-09-09T00:17:19 IST" duration-ms="22467">
    <groups>
    </groups>
    <test started-at="2023-09-09T00:16:57 IST" name="Test" finished-at="2023-09-09T00:17:19 IST" duration-ms="22467">
      <class name="Test.BaseTestPanorama">
        <test-method signature="LoginWithInvalidData()[pri:1, instance:Test.BaseTestPanorama@abff8b7]" started-at="2023-09-09T00:16:57 IST" name="LoginWithInvalidData" finished-at="2023-09-09T00:17:07 IST" duration-ms="10621" status="PASS">
          <reporter-output>
          </reporter-output>
        </test-method> <!-- LoginWithInvalidData -->
        <test-method signature="LoginWithvalid()[pri:2, instance:Test.BaseTestPanorama@abff8b7]" started-at="2023-09-09T00:17:07 IST" name="LoginWithvalid" finished-at="2023-09-09T00:17:19 IST" duration-ms="11739" status="PASS">
          <reporter-output>
          </reporter-output>
        </test-method> <!-- LoginWithvalid -->
      </class> <!-- Test.BaseTestPanorama -->
    </test> <!-- Test -->
  </suite> <!-- Suite -->
</testng-results>
